E, [2017-04-12T06:02:32.545954 #2412] ERROR -- Kitchen: ------Exception-------
E, [2017-04-12T06:02:32.546017 #2412] ERROR -- Kitchen: Class: Kitchen::UserError
E, [2017-04-12T06:02:32.546045 #2412] ERROR -- Kitchen: Message: Kitchen YAML file /home/user/chef-repo/.kitchen.yml does not exist.
E, [2017-04-12T06:02:32.546060 #2412] ERROR -- Kitchen: ----------------------
E, [2017-04-12T06:02:32.546072 #2412] ERROR -- Kitchen: ------Backtrace-------
E, [2017-04-12T06:02:32.546094 #2412] ERROR -- Kitchen: /opt/chefdk/embedded/lib/ruby/gems/2.3.0/gems/test-kitchen-1.15.0/lib/kitchen/loader/yaml.rb:71:in `read'
E, [2017-04-12T06:02:32.546107 #2412] ERROR -- Kitchen: /opt/chefdk/embedded/lib/ruby/gems/2.3.0/gems/test-kitchen-1.15.0/lib/kitchen/config.rb:152:in `data'
E, [2017-04-12T06:02:32.546119 #2412] ERROR -- Kitchen: /opt/chefdk/embedded/lib/ruby/gems/2.3.0/gems/test-kitchen-1.15.0/lib/kitchen/config.rb:131:in `suites'
E, [2017-04-12T06:02:32.546130 #2412] ERROR -- Kitchen: /opt/chefdk/embedded/lib/ruby/gems/2.3.0/gems/test-kitchen-1.15.0/lib/kitchen/config.rb:182:in `filter_instances'
E, [2017-04-12T06:02:32.546141 #2412] ERROR -- Kitchen: /opt/chefdk/embedded/lib/ruby/gems/2.3.0/gems/test-kitchen-1.15.0/lib/kitchen/config.rb:141:in `build_instances'
E, [2017-04-12T06:02:32.546152 #2412] ERROR -- Kitchen: /opt/chefdk/embedded/lib/ruby/gems/2.3.0/gems/test-kitchen-1.15.0/lib/kitchen/config.rb:117:in `instances'
E, [2017-04-12T06:02:32.546175 #2412] ERROR -- Kitchen: /opt/chefdk/embedded/lib/ruby/gems/2.3.0/gems/test-kitchen-1.15.0/lib/kitchen/command.rb:112:in `filtered_instances'
E, [2017-04-12T06:02:32.546186 #2412] ERROR -- Kitchen: /opt/chefdk/embedded/lib/ruby/gems/2.3.0/gems/test-kitchen-1.15.0/lib/kitchen/command.rb:142:in `parse_subcommand'
E, [2017-04-12T06:02:32.546197 #2412] ERROR -- Kitchen: /opt/chefdk/embedded/lib/ruby/gems/2.3.0/gems/test-kitchen-1.15.0/lib/kitchen/command/list.rb:30:in `call'
E, [2017-04-12T06:02:32.546208 #2412] ERROR -- Kitchen: /opt/chefdk/embedded/lib/ruby/gems/2.3.0/gems/test-kitchen-1.15.0/lib/kitchen/cli.rb:53:in `perform'
E, [2017-04-12T06:02:32.546218 #2412] ERROR -- Kitchen: /opt/chefdk/embedded/lib/ruby/gems/2.3.0/gems/test-kitchen-1.15.0/lib/kitchen/cli.rb:121:in `list'
E, [2017-04-12T06:02:32.546229 #2412] ERROR -- Kitchen: /opt/chefdk/embedded/lib/ruby/gems/2.3.0/gems/thor-0.19.1/lib/thor/command.rb:27:in `run'
E, [2017-04-12T06:02:32.546240 #2412] ERROR -- Kitchen: /opt/chefdk/embedded/lib/ruby/gems/2.3.0/gems/thor-0.19.1/lib/thor/invocation.rb:126:in `invoke_command'
E, [2017-04-12T06:02:32.546250 #2412] ERROR -- Kitchen: /opt/chefdk/embedded/lib/ruby/gems/2.3.0/gems/test-kitchen-1.15.0/lib/kitchen/cli.rb:334:in `invoke_task'
E, [2017-04-12T06:02:32.546261 #2412] ERROR -- Kitchen: /opt/chefdk/embedded/lib/ruby/gems/2.3.0/gems/thor-0.19.1/lib/thor.rb:359:in `dispatch'
E, [2017-04-12T06:02:32.546275 #2412] ERROR -- Kitchen: /opt/chefdk/embedded/lib/ruby/gems/2.3.0/gems/thor-0.19.1/lib/thor/base.rb:440:in `start'
E, [2017-04-12T06:02:32.546286 #2412] ERROR -- Kitchen: /opt/chefdk/embedded/lib/ruby/gems/2.3.0/gems/test-kitchen-1.15.0/bin/kitchen:13:in `block in <top (required)>'
E, [2017-04-12T06:02:32.546297 #2412] ERROR -- Kitchen: /opt/chefdk/embedded/lib/ruby/gems/2.3.0/gems/test-kitchen-1.15.0/lib/kitchen/errors.rb:171:in `with_friendly_errors'
E, [2017-04-12T06:02:32.546308 #2412] ERROR -- Kitchen: /opt/chefdk/embedded/lib/ruby/gems/2.3.0/gems/test-kitchen-1.15.0/bin/kitchen:13:in `<top (required)>'
E, [2017-04-12T06:02:32.546335 #2412] ERROR -- Kitchen: /usr/bin/kitchen:21:in `load'
E, [2017-04-12T06:02:32.546346 #2412] ERROR -- Kitchen: /usr/bin/kitchen:21:in `<main>'
E, [2017-04-12T06:02:32.546356 #2412] ERROR -- Kitchen: ----End Backtrace-----
